<?xml version="1.0" encoding="UTF-8" ?>
<testsuite tests="42" failures="0" name="TestSuite" time="28.825" errors="0" skipped="0">
  <properties>
    <property name="java.runtime.name" value="Java(TM) SE Runtime Environment"/>
    <property name="sun.boot.library.path" value="/Library/Java/JavaVirtualMachines/jdk1.8.0_341.jdk/Contents/Home/jre/lib"/>
    <property name="java.vm.version" value="25.341-b10"/>
    <property name="gopherProxySet" value="false"/>
    <property name="java.vm.vendor" value="Oracle Corporation"/>
    <property name="maven.multiModuleProjectDirectory" value="/Users/gre4ya/IdeaProjects/testng_framework_5"/>
    <property name="java.vendor.url" value="http://java.oracle.com/"/>
    <property name="path.separator" value=":"/>
    <property name="guice.disable.misplaced.annotation.check" value="true"/>
    <property name="java.vm.name" value="Java HotSpot(TM) 64-Bit Server VM"/>
    <property name="file.encoding.pkg" value="sun.io"/>
    <property name="user.country" value="US"/>
    <property name="sun.java.launcher" value="SUN_STANDARD"/>
    <property name="sun.os.patch.level" value="unknown"/>
    <property name="java.vm.specification.name" value="Java Virtual Machine Specification"/>
    <property name="user.dir" value="/Users/gre4ya/IdeaProjects/testng_framework_5"/>
    <property name="java.runtime.version" value="1.8.0_341-b10"/>
    <property name="java.awt.graphicsenv" value="sun.awt.CGraphicsEnvironment"/>
    <property name="java.endorsed.dirs" value="/Library/Java/JavaVirtualMachines/jdk1.8.0_341.jdk/Contents/Home/jre/lib/endorsed"/>
    <property name="os.arch" value="x86_64"/>
    <property name="java.io.tmpdir" value="/var/folders/qv/t4vgk6w940qc89x_gmd827540000gn/T/"/>
    <property name="line.separator" value="
"/>
    <property name="java.vm.specification.vendor" value="Oracle Corporation"/>
    <property name="os.name" value="Mac OS X"/>
    <property name="classworlds.conf" value="/Applications/apache-maven-3.8.7/bin/m2.conf"/>
    <property name="sun.jnu.encoding" value="UTF-8"/>
    <property name="java.library.path" value="/Users/gre4ya/Library/Java/Extensions:/Library/Java/Extensions:/Network/Library/Java/Extensions:/System/Library/Java/Extensions:/usr/lib/java:."/>
    <property name="maven.conf" value="/Applications/apache-maven-3.8.7/conf"/>
    <property name="java.specification.name" value="Java Platform API Specification"/>
    <property name="java.class.version" value="52.0"/>
    <property name="sun.management.compiler" value="HotSpot 64-Bit Tiered Compilers"/>
    <property name="os.version" value="13.2.1"/>
    <property name="library.jansi.path" value="/Applications/apache-maven-3.8.7/lib/jansi-native"/>
    <property name="http.nonProxyHosts" value="local|*.local|169.254/16|*.169.254/16"/>
    <property name="user.home" value="/Users/gre4ya"/>
    <property name="user.timezone" value="America/Chicago"/>
    <property name="java.awt.printerjob" value="sun.lwawt.macosx.CPrinterJob"/>
    <property name="java.specification.version" value="1.8"/>
    <property name="file.encoding" value="UTF-8"/>
    <property name="user.name" value="gre4ya"/>
    <property name="java.class.path" value="/Applications/apache-maven-3.8.7/boot/plexus-classworlds-2.6.0.jar"/>
    <property name="java.vm.specification.version" value="1.8"/>
    <property name="sun.arch.data.model" value="64"/>
    <property name="java.home" value="/Library/Java/JavaVirtualMachines/jdk1.8.0_341.jdk/Contents/Home/jre"/>
    <property name="sun.java.command" value="org.codehaus.plexus.classworlds.launcher.Launcher clean install"/>
    <property name="java.specification.vendor" value="Oracle Corporation"/>
    <property name="user.language" value="en"/>
    <property name="awt.toolkit" value="sun.lwawt.macosx.LWCToolkit"/>
    <property name="java.vm.info" value="mixed mode"/>
    <property name="java.version" value="1.8.0_341"/>
    <property name="java.ext.dirs" value="/Users/gre4ya/Library/Java/Extensions:/Library/Java/JavaVirtualMachines/jdk1.8.0_341.jdk/Contents/Home/jre/lib/ext:/Library/Java/Extensions:/Network/Library/Java/Extensions:/System/Library/Java/Extensions:/usr/lib/java"/>
    <property name="sun.boot.class.path" value="/Library/Java/JavaVirtualMachines/jdk1.8.0_341.jdk/Contents/Home/jre/lib/resources.jar:/Library/Java/JavaVirtualMachines/jdk1.8.0_341.jdk/Contents/Home/jre/lib/rt.jar:/Library/Java/JavaVirtualMachines/jdk1.8.0_341.jdk/Contents/Home/jre/lib/jsse.jar:/Library/Java/JavaVirtualMachines/jdk1.8.0_341.jdk/Contents/Home/jre/lib/jce.jar:/Library/Java/JavaVirtualMachines/jdk1.8.0_341.jdk/Contents/Home/jre/lib/charsets.jar:/Library/Java/JavaVirtualMachines/jdk1.8.0_341.jdk/Contents/Home/jre/lib/jfr.jar:/Library/Java/JavaVirtualMachines/jdk1.8.0_341.jdk/Contents/Home/jre/classes"/>
    <property name="java.vendor" value="Oracle Corporation"/>
    <property name="maven.home" value="/Applications/apache-maven-3.8.7"/>
    <property name="file.separator" value="/"/>
    <property name="java.vendor.url.bug" value="http://bugreport.sun.com/bugreport/"/>
    <property name="sun.cpu.endian" value="little"/>
    <property name="sun.io.unicode.encoding" value="UnicodeBig"/>
    <property name="socksNonProxyHosts" value="local|*.local|169.254/16|*.169.254/16"/>
    <property name="ftp.nonProxyHosts" value="local|*.local|169.254/16|*.169.254/16"/>
    <property name="sun.cpu.isalist" value=""/>
  </properties>
  <testcase classname="scripts.TechGlobalDropdownsTest" name="selectDeliveryOption" time="0.164"/>
  <testcase classname="scripts.TechGlobalFrontendTestingHomeTest" name="validateFrontendTestingCards" time="1.735"/>
  <testcase classname="scripts.TechGlobalDropdownsTest" name="selectProductOption" time="0.133"/>
  <testcase classname="scripts.TechGlobalFrontendTestingHomeTest" name="validateFrontendTestingURL" time="0.651"/>
  <testcase classname="scripts.TechGlobalLogoTest" name="validateTechGlobalLogo" time="0.601"/>
  <testcase classname="scripts.TechGlobalSortableTablesTest" name="validateSortAcsByQuantity" time="0.099"/>
  <testcase classname="scripts.TechGlobalSortableTablesTest" name="validateSortDescByQuantity" time="0.099"/>
  <testcase classname="scripts.TechGlobalDropdownsTest" name="selectColorOption" time="0.109"/>
  <testcase classname="scripts.TechGlobalSortableTablesTest" name="validateSortAscByPrice" time="0.085"/>
  <testcase classname="scripts.TechGlobalDropdownsTest" name="selectMacBookOption" time="0.434"/>
  <testcase classname="scripts.TechGlobalDynamicElementsTest" name="dynamicElementsTest" time="1.074"/>
  <testcase classname="scripts.TechGlobalDynamicTablesTest" name="popupValidation" time="0.097"/>
  <testcase classname="scripts.TechGlobalDynamicTablesTest" name="validateDynamicTable" time="0.777"/>
  <testcase classname="scripts.TechGlobalJavaExercisesHomeTest" name="validateJavaExercisesCards" time="1.755"/>
  <testcase classname="scripts.TechGlobalAlertsTest" name="warningAlertValidation" time="0.164"/>
  <testcase classname="scripts.TechGlobalAlertsTest" name="confirmationAlertValidation" time="0.362"/>
  <testcase classname="scripts.TechGlobalAlertsTest" name="promptAlertValidation" time="0.486"/>
  <testcase classname="scripts.TechGlobalRadioButtonsTest" name="javaRadioButtonValidation" time="1.045"/>
  <testcase classname="scripts.TechGlobalRadioButtonsTest" name="languageRadioButtons1" time="1.023"/>
  <testcase classname="scripts.TechGlobalRadioButtonsTest" name="languageRadioButtons2" time="1.165"/>
  <testcase classname="scripts.TechGlobalFooterTest" name="validateCorrectTextDisplayFooter" time="0.195"/>
  <testcase classname="scripts.TechGlobalFooterTest" name="validateSocialLinksFooter" time="0.313"/>
  <testcase classname="scripts.TechGlobalFileUploadTest" name="validateFileUpload" time="0.146"/>
  <testcase classname="scripts.TechGlobalFileDownloadTest" name="validateFileDownload" time="0.046"/>
  <testcase classname="scripts.TechGlobalCalendarTest" name="validateDatePicker" time="0.607"/>
  <testcase classname="scripts.TechGlobalSortableTablesTest" name="validateSortDescByPrice" time="0.08"/>
  <testcase classname="scripts.TechGlobalStaticTablesTest" name="validateStaticTablesHeader" time="0.076"/>
  <testcase classname="scripts.TechGlobalStaticTablesTest" name="validateStaticTablesRow1" time="0.053"/>
  <testcase classname="scripts.TechGlobalStaticTablesTest" name="validateStaticTableColumn4" time="0.094"/>
  <testcase classname="scripts.TechGlobalStaticTablesTest" name="validateAllCells" time="0.295"/>
  <testcase classname="scripts.TechGlobalHeaderTest" name="validateTechGlobalHeaderDropdownOptions" time="0.338"/>
  <testcase classname="scripts.TechGlobalHeaderTest" name="validateTechGlobalHeaderDropdown" time="0.105"/>
  <testcase classname="scripts.TechGlobalIFramesTest" name="validateInputText" time="0.194"/>
  <testcase classname="scripts.TechGlobalIFramesTest" name="validateResultDisplay" time="0.83"/>
  <testcase classname="scripts.TechGlobalActionsTest" name="clickActions" time="0.663"/>
  <testcase classname="scripts.TechGlobalActionsTest" name="validateDragAndDropAction" time="1.56"/>
  <testcase classname="scripts.TechGlobalActionsTest" name="keyboardActions" time="0.417"/>
  <testcase classname="scripts.TechGlobalActionsTest" name="validateKeyboardInput" time="0.515"/>
  <testcase classname="scripts.TechGlobalCheckBoxTest" name="validateCheckboxes1" time="1.283"/>
  <testcase classname="scripts.TechGlobalCheckBoxTest" name="validateCheckboxes2" time="1.125"/>
  <testcase classname="scripts.TechGlobalMultipleWindowsTest" name="validateTheAppleLink" time="1.738"/>
  <testcase classname="scripts.TechGlobalMultipleWindowsTest" name="validateLinkURLs" time="6.094"/>
</testsuite>