<?xml version="1.0" encoding="UTF-8"?>
<testsuite xmlns:xsi="http://www.w3.org/2001/XMLSchema-instance" xsi:schemaLocation="https://maven.apache.org/surefire/maven-surefire-plugin/xsd/surefire-test-report.xsd" name="TestSuite" time="138.213" tests="31" errors="0" skipped="0" failures="0">
  <properties>
    <property name="java.runtime.name" value="Java(TM) SE Runtime Environment"/>
    <property name="sun.boot.library.path" value="/Library/Java/JavaVirtualMachines/jdk1.8.0_341.jdk/Contents/Home/jre/lib"/>
    <property name="java.vm.version" value="25.341-b10"/>
    <property name="gopherProxySet" value="false"/>
    <property name="java.vm.vendor" value="Oracle Corporation"/>
    <property name="maven.multiModuleProjectDirectory" value="/Users/gre4ya/IdeaProjects/testng_framework_5"/>
    <property name="java.vendor.url" value="http://java.oracle.com/"/>
    <property name="path.separator" value=":"/>
    <property name="guice.disable.misplaced.annotation.check" value="true"/>
    <property name="java.vm.name" value="Java HotSpot(TM) 64-Bit Server VM"/>
    <property name="file.encoding.pkg" value="sun.io"/>
    <property name="user.country" value="US"/>
    <property name="sun.java.launcher" value="SUN_STANDARD"/>
    <property name="sun.os.patch.level" value="unknown"/>
    <property name="java.vm.specification.name" value="Java Virtual Machine Specification"/>
    <property name="user.dir" value="/Users/gre4ya/IdeaProjects/testng_framework_5"/>
    <property name="java.runtime.version" value="1.8.0_341-b10"/>
    <property name="java.awt.graphicsenv" value="sun.awt.CGraphicsEnvironment"/>
    <property name="java.endorsed.dirs" value="/Library/Java/JavaVirtualMachines/jdk1.8.0_341.jdk/Contents/Home/jre/lib/endorsed"/>
    <property name="os.arch" value="x86_64"/>
    <property name="java.io.tmpdir" value="/var/folders/qv/t4vgk6w940qc89x_gmd827540000gn/T/"/>
    <property name="line.separator" value="&#10;"/>
    <property name="java.vm.specification.vendor" value="Oracle Corporation"/>
    <property name="os.name" value="Mac OS X"/>
    <property name="classworlds.conf" value="/Applications/apache-maven-3.8.7/bin/m2.conf"/>
    <property name="sun.jnu.encoding" value="UTF-8"/>
    <property name="java.library.path" value="/Users/gre4ya/Library/Java/Extensions:/Library/Java/Extensions:/Network/Library/Java/Extensions:/System/Library/Java/Extensions:/usr/lib/java:."/>
    <property name="maven.conf" value="/Applications/apache-maven-3.8.7/conf"/>
    <property name="java.specification.name" value="Java Platform API Specification"/>
    <property name="java.class.version" value="52.0"/>
    <property name="sun.management.compiler" value="HotSpot 64-Bit Tiered Compilers"/>
    <property name="os.version" value="13.1"/>
    <property name="library.jansi.path" value="/Applications/apache-maven-3.8.7/lib/jansi-native"/>
    <property name="http.nonProxyHosts" value="local|*.local|169.254/16|*.169.254/16"/>
    <property name="user.home" value="/Users/gre4ya"/>
    <property name="user.timezone" value="America/Chicago"/>
    <property name="java.awt.printerjob" value="sun.lwawt.macosx.CPrinterJob"/>
    <property name="java.specification.version" value="1.8"/>
    <property name="file.encoding" value="UTF-8"/>
    <property name="user.name" value="gre4ya"/>
    <property name="java.class.path" value="/Applications/apache-maven-3.8.7/boot/plexus-classworlds-2.6.0.jar"/>
    <property name="java.vm.specification.version" value="1.8"/>
    <property name="sun.arch.data.model" value="64"/>
    <property name="java.home" value="/Library/Java/JavaVirtualMachines/jdk1.8.0_341.jdk/Contents/Home/jre"/>
    <property name="sun.java.command" value="org.codehaus.plexus.classworlds.launcher.Launcher clean test -PRegression"/>
    <property name="java.specification.vendor" value="Oracle Corporation"/>
    <property name="user.language" value="en"/>
    <property name="awt.toolkit" value="sun.lwawt.macosx.LWCToolkit"/>
    <property name="java.vm.info" value="mixed mode"/>
    <property name="java.version" value="1.8.0_341"/>
    <property name="java.ext.dirs" value="/Users/gre4ya/Library/Java/Extensions:/Library/Java/JavaVirtualMachines/jdk1.8.0_341.jdk/Contents/Home/jre/lib/ext:/Library/Java/Extensions:/Network/Library/Java/Extensions:/System/Library/Java/Extensions:/usr/lib/java"/>
    <property name="sun.boot.class.path" value="/Library/Java/JavaVirtualMachines/jdk1.8.0_341.jdk/Contents/Home/jre/lib/resources.jar:/Library/Java/JavaVirtualMachines/jdk1.8.0_341.jdk/Contents/Home/jre/lib/rt.jar:/Library/Java/JavaVirtualMachines/jdk1.8.0_341.jdk/Contents/Home/jre/lib/jsse.jar:/Library/Java/JavaVirtualMachines/jdk1.8.0_341.jdk/Contents/Home/jre/lib/jce.jar:/Library/Java/JavaVirtualMachines/jdk1.8.0_341.jdk/Contents/Home/jre/lib/charsets.jar:/Library/Java/JavaVirtualMachines/jdk1.8.0_341.jdk/Contents/Home/jre/lib/jfr.jar:/Library/Java/JavaVirtualMachines/jdk1.8.0_341.jdk/Contents/Home/jre/classes"/>
    <property name="java.vendor" value="Oracle Corporation"/>
    <property name="maven.home" value="/Applications/apache-maven-3.8.7"/>
    <property name="file.separator" value="/"/>
    <property name="java.vendor.url.bug" value="http://bugreport.sun.com/bugreport/"/>
    <property name="sun.cpu.endian" value="little"/>
    <property name="sun.io.unicode.encoding" value="UnicodeBig"/>
    <property name="socksNonProxyHosts" value="local|*.local|169.254/16|*.169.254/16"/>
    <property name="ftp.nonProxyHosts" value="local|*.local|169.254/16|*.169.254/16"/>
    <property name="sun.cpu.isalist" value=""/>
  </properties>
  <testcase name="dynamicElementsTest" classname="scripts.TechGlobalDynamicElementsTest" time="0.822"/>
  <testcase name="validateFrontendTestingURL" classname="scripts.TechGlobalFrontendTestingHomeTest" time="0.534"/>
  <testcase name="validateTechGlobalHeaderDropdownOptions" classname="scripts.TechGlobalHeaderTest" time="0.347"/>
  <testcase name="validateJavaExercisesCards" classname="scripts.TechGlobalJavaExercisesHomeTest" time="1.49"/>
  <testcase name="javaRadioButtonValidation" classname="scripts.TechGlobalRadioButtonsTest" time="0.891"/>
  <testcase name="languageRadioButtons1" classname="scripts.TechGlobalRadioButtonsTest" time="0.872"/>
  <testcase name="languageRadioButtons2" classname="scripts.TechGlobalRadioButtonsTest" time="1.104"/>
  <testcase name="validateCheckboxes1" classname="scripts.TechGlobalCheckBoxTest" time="0.991"/>
  <testcase name="validateCheckboxes2" classname="scripts.TechGlobalCheckBoxTest" time="0.952"/>
  <testcase name="validateCorrectTextDisplayFooter" classname="scripts.TechGlobalFooterTest" time="0.117"/>
  <testcase name="validateSocialLinksFooter" classname="scripts.TechGlobalFooterTest" time="0.123"/>
  <testcase name="validateRedBox" classname="scripts.TechGlobalWaitsTest" time="10.763"/>
  <testcase name="selectDeliveryOption" classname="scripts.TechGlobalDropdownsTest" time="0.137"/>
  <testcase name="selectProductOption" classname="scripts.TechGlobalDropdownsTest" time="0.08"/>
  <testcase name="selectColorOption" classname="scripts.TechGlobalDropdownsTest" time="0.091"/>
  <testcase name="selectMacBookOption" classname="scripts.TechGlobalDropdownsTest" time="0.368"/>
  <testcase name="validateTheAppleLink" classname="scripts.TechGlobalMultipleWindowsTest" time="1.752"/>
  <testcase name="validateLinkURLs" classname="scripts.TechGlobalMultipleWindowsTest" time="4.711"/>
  <testcase name="warningAlertValidation" classname="scripts.TechGlobalAlertsTest" time="0.234"/>
  <testcase name="confirmationAlertValidation" classname="scripts.TechGlobalAlertsTest" time="0.23"/>
  <testcase name="promptAlertValidation" classname="scripts.TechGlobalAlertsTest" time="0.323"/>
  <testcase name="validateInputText" classname="scripts.TechGlobalIFramesTest" time="0.182"/>
  <testcase name="validateResultDisplay" classname="scripts.TechGlobalIFramesTest" time="0.463"/>
  <testcase name="validateStaticTablesHeader" classname="scripts.TechGlobalStaticTablesTest" time="0.076"/>
  <testcase name="validateStaticTablesRow1" classname="scripts.TechGlobalStaticTablesTest" time="0.053"/>
  <testcase name="validateStaticTableColumn4" classname="scripts.TechGlobalStaticTablesTest" time="0.095"/>
  <testcase name="validateAllCells" classname="scripts.TechGlobalStaticTablesTest" time="0.282"/>
  <testcase name="validateFileUpload" classname="scripts.TechGlobalFileUploadTest" time="0.131"/>
  <testcase name="validateFileDownload" classname="scripts.TechGlobalFileDownloadTest" time="2.044"/>
  <testcase name="validateSortAcsByQuantity" classname="scripts.TechGlobalSortableTablesTest" time="0.097"/>
  <testcase name="validateDatePicker" classname="scripts.TechGlobalCalendarTest" time="0.643"/>
</testsuite>