<?xml version="1.0" encoding="UTF-8"?>
<!-- Generated by org.testng.reporters.JUnitReportReporter -->
<testsuite skipped="0" hostname="Andrews-MBP.local.tld" name="scripts.TechGlobalSortableTablesTest" tests="4" failures="0" timestamp="2023-03-13T18:23:59 CDT" time="19.369" errors="0">
  <testcase name="validateSortAcsByQuantity" time="5.108" classname="scripts.TechGlobalSortableTablesTest"/>
  <system-out/>
  <testcase name="validateSortDescByQuantity" time="4.730" classname="scripts.TechGlobalSortableTablesTest"/>
  <system-out/>
  <testcase name="validateSortAscByPrice" time="4.887" classname="scripts.TechGlobalSortableTablesTest"/>
  <system-out/>
  <testcase name="validateSortDescByPrice" time="4.644" classname="scripts.TechGlobalSortableTablesTest"/>
  <system-out/>
</testsuite> <!-- scripts.TechGlobalSortableTablesTest -->
