<?xml version="1.0" encoding="UTF-8"?>
<!-- Generated by org.testng.reporters.JUnitReportReporter -->
<testsuite skipped="0" hostname="Andrews-MBP" name="scripts.TechGlobalLogoTest" tests="1" failures="0" timestamp="2023-01-16T11:22:33 CST" time="3.133" errors="0">
  <testcase name="validateTechGlobalLogo" time="3.133" classname="scripts.TechGlobalLogoTest"/>
  <system-out/>
</testsuite> <!-- scripts.TechGlobalLogoTest -->
