<?xml version="1.0" encoding="UTF-8"?>
<!-- Generated by org.testng.reporters.JUnitReportReporter -->
<testsuite skipped="0" hostname="Andrews-MBP.local.tld" name="scripts.TechGlobalDynamicTablesTest" tests="2" failures="0" timestamp="2023-03-06T16:42:28 CST" time="9.792" errors="0">
  <testcase name="popupValidation" time="4.668" classname="scripts.TechGlobalDynamicTablesTest"/>
  <system-out/>
  <testcase name="validateDynamicTable" time="5.124" classname="scripts.TechGlobalDynamicTablesTest"/>
  <system-out/>
</testsuite> <!-- scripts.TechGlobalDynamicTablesTest -->
