<?xml version="1.0" encoding="UTF-8"?>
<!-- Generated by org.testng.reporters.JUnitReportReporter -->
<testsuite skipped="0" hostname="Andrews-MBP.local.tld" name="scripts.TechGlobalFooterTest" tests="2" failures="0" timestamp="2023-01-18T20:52:51 CST" time="7.262" errors="0">
  <testcase name="validateSocialLinksFooter" time="3.128" classname="scripts.TechGlobalFooterTest"/>
  <system-out/>
  <testcase name="validateCorrectTextDisplayFooter" time="4.134" classname="scripts.TechGlobalFooterTest"/>
  <system-out/>
</testsuite> <!-- scripts.TechGlobalFooterTest -->
