<?xml version="1.0" encoding="UTF-8"?>
<!-- Generated by org.testng.reporters.JUnitReportReporter -->
<testsuite skipped="0" hostname="Andrews-MBP.local.tld" name="scripts.TechGlobalCheckBoxTest" tests="2" failures="0" timestamp="2023-01-18T20:52:51 CST" time="7.753" errors="0">
  <testcase name="ValidateCheckboxes1" time="3.978" classname="scripts.TechGlobalCheckBoxTest"/>
  <system-out/>
  <testcase name="ValidateCheckboxes2" time="3.775" classname="scripts.TechGlobalCheckBoxTest"/>
  <system-out/>
</testsuite> <!-- scripts.TechGlobalCheckBoxTest -->
