<?xml version="1.0" encoding="UTF-8"?>
<!-- Generated by org.testng.reporters.JUnitReportReporter -->
<testsuite skipped="0" hostname="Andrews-MBP.local.tld" name="scripts.TechGlobalActionsTest" tests="4" failures="0" timestamp="2023-03-06T16:42:28 CST" time="20.550" errors="0">
  <testcase name="clickActions" time="5.112" classname="scripts.TechGlobalActionsTest"/>
  <system-out/>
  <testcase name="validateDragAndDropAction" time="6.052" classname="scripts.TechGlobalActionsTest"/>
  <system-out/>
  <testcase name="keyboardActions" time="4.695" classname="scripts.TechGlobalActionsTest"/>
  <system-out/>
  <testcase name="validateKeyboardInput" time="4.691" classname="scripts.TechGlobalActionsTest"/>
  <system-out/>
</testsuite> <!-- scripts.TechGlobalActionsTest -->
