<?xml version="1.0" encoding="UTF-8"?>
<!-- Generated by org.testng.reporters.JUnitReportReporter -->
<testsuite skipped="0" hostname="Andrews-MBP.local.tld" name="scripts.TechGlobalFooterTest" tests="2" failures="0" timestamp="2023-01-17T19:39:02 CST" time="7.173" errors="0">
  <testcase name="validateCorrectTextDisplayFooter" time="3.599" classname="scripts.TechGlobalFooterTest"/>
  <system-out/>
  <testcase name="validateSocialLinksFooter" time="3.574" classname="scripts.TechGlobalFooterTest"/>
  <system-out/>
</testsuite> <!-- scripts.TechGlobalFooterTest -->
