<?xml version="1.0" encoding="UTF-8"?>
<!-- Generated by org.testng.reporters.JUnitReportReporter -->
<testsuite skipped="0" hostname="Andrews-MBP.local.tld" name="scripts.TechGlobalCheckBoxTest" tests="2" failures="0" timestamp="2023-01-22T16:00:02 CST" time="9.842" errors="0">
  <testcase name="ValidateCheckboxes2" time="4.325" classname="scripts.TechGlobalCheckBoxTest"/>
  <system-out/>
  <testcase name="ValidateCheckboxes1" time="5.517" classname="scripts.TechGlobalCheckBoxTest"/>
  <system-out/>
</testsuite> <!-- scripts.TechGlobalCheckBoxTest -->
