<?xml version="1.0" encoding="UTF-8"?>
<!-- Generated by org.testng.reporters.JUnitReportReporter -->
<testsuite skipped="0" hostname="Andrews-MBP.local.tld" name="scripts.TechGlobalAlertsTest" tests="3" failures="0" timestamp="2023-03-06T16:28:02 CST" time="14.555" errors="0">
  <testcase name="warningAlertValidation" time="4.635" classname="scripts.TechGlobalAlertsTest"/>
  <system-out/>
  <testcase name="confirmationAlertValidation" time="4.916" classname="scripts.TechGlobalAlertsTest"/>
  <system-out/>
  <testcase name="promptAlertValidation" time="5.004" classname="scripts.TechGlobalAlertsTest"/>
  <system-out/>
</testsuite> <!-- scripts.TechGlobalAlertsTest -->
