<?xml version="1.0" encoding="UTF-8"?>
<!-- Generated by org.testng.reporters.JUnitReportReporter -->
<testsuite skipped="0" hostname="Andrews-MBP.local.tld" name="scripts.TechGlobalHeaderTest" tests="2" failures="0" timestamp="2023-01-21T11:43:23 CST" time="13.038" errors="0">
  <testcase name="validateTechGlobalHeaderDropdownOptions" time="6.801" classname="scripts.TechGlobalHeaderTest"/>
  <system-out/>
  <testcase name="validateTechGlobalHeaderDropdown" time="6.237" classname="scripts.TechGlobalHeaderTest"/>
  <system-out/>
</testsuite> <!-- scripts.TechGlobalHeaderTest -->
