<?xml version="1.0" encoding="UTF-8"?>
<!-- Generated by org.testng.reporters.JUnitReportReporter -->
<testsuite skipped="0" hostname="Andrews-MBP.local.tld" name="scripts.TechGlobalHeaderTest" tests="1" failures="0" timestamp="2023-01-28T11:47:20 CST" time="3.925" errors="0">
  <testcase name="validateTechGlobalHeaderDropdownOptions" time="3.925" classname="scripts.TechGlobalHeaderTest"/>
  <system-out/>
</testsuite> <!-- scripts.TechGlobalHeaderTest -->
