<?xml version="1.0" encoding="UTF-8"?>
<!-- Generated by org.testng.reporters.JUnitReportReporter -->
<testsuite skipped="0" hostname="Andrews-MBP.local.tld" name="scripts.TechGlobalFileUploadTest" tests="1" failures="0" timestamp="2023-01-28T15:44:28 CST" time="4.409" errors="0">
  <testcase name="validateFileUpload" time="4.409" classname="scripts.TechGlobalFileUploadTest"/>
  <system-out/>
</testsuite> <!-- scripts.TechGlobalFileUploadTest -->
