<?xml version="1.0" encoding="UTF-8"?>
<!-- Generated by org.testng.reporters.JUnitReportReporter -->
<testsuite skipped="0" hostname="Andrews-MBP.local.tld" name="scripts.TechGlobalDynamicTablesTest" tests="2" failures="0" timestamp="2023-03-13T18:23:59 CDT" time="10.385" errors="0">
  <testcase name="popupValidation" time="4.886" classname="scripts.TechGlobalDynamicTablesTest"/>
  <system-out/>
  <testcase name="validateDynamicTable" time="5.499" classname="scripts.TechGlobalDynamicTablesTest"/>
  <system-out/>
</testsuite> <!-- scripts.TechGlobalDynamicTablesTest -->
