<?xml version="1.0" encoding="UTF-8"?>
<!-- Generated by org.testng.reporters.JUnitReportReporter -->
<testsuite skipped="0" hostname="Andrews-MBP.local.tld" name="scripts.TechGlobalIFramesTest" tests="2" failures="0" timestamp="2023-03-06T16:28:02 CST" time="9.933" errors="0">
  <testcase name="validateInputText" time="4.881" classname="scripts.TechGlobalIFramesTest"/>
  <system-out/>
  <testcase name="validateResultDisplay" time="5.052" classname="scripts.TechGlobalIFramesTest"/>
  <system-out/>
</testsuite> <!-- scripts.TechGlobalIFramesTest -->
