<?xml version="1.0" encoding="UTF-8"?>
<!-- Generated by org.testng.reporters.JUnitReportReporter -->
<testsuite skipped="0" hostname="Andrews-MBP.local.tld" name="scripts.TechGlobalStaticTablesTest" tests="4" failures="0" timestamp="2023-03-06T16:28:02 CST" time="18.591" errors="0">
  <testcase name="validateStaticTablesHeader" time="4.504" classname="scripts.TechGlobalStaticTablesTest"/>
  <system-out/>
  <testcase name="validateStaticTablesRow1" time="4.675" classname="scripts.TechGlobalStaticTablesTest"/>
  <system-out/>
  <testcase name="validateStaticTableColumn4" time="4.798" classname="scripts.TechGlobalStaticTablesTest"/>
  <system-out/>
  <testcase name="validateAllCells" time="4.614" classname="scripts.TechGlobalStaticTablesTest"/>
  <system-out/>
</testsuite> <!-- scripts.TechGlobalStaticTablesTest -->
