<?xml version="1.0" encoding="UTF-8"?>
<!-- Generated by org.testng.reporters.JUnitReportReporter -->
<testsuite skipped="0" hostname="Andrews-MBP.local.tld" name="scripts.TechGlobalCheckBoxTest" tests="2" failures="0" timestamp="2023-01-21T13:44:40 CST" time="18.975" errors="0">
  <testcase name="ValidateCheckboxes1" time="9.303" classname="scripts.TechGlobalCheckBoxTest"/>
  <system-out/>
  <testcase name="ValidateCheckboxes2" time="9.672" classname="scripts.TechGlobalCheckBoxTest"/>
  <system-out/>
</testsuite> <!-- scripts.TechGlobalCheckBoxTest -->
