<?xml version="1.0" encoding="UTF-8"?>
<!-- Generated by org.testng.reporters.JUnitReportReporter -->
<testsuite skipped="0" hostname="Andrews-MBP.local.tld" name="scripts.TechGlobalFrontendTestingHomeTest" tests="1" failures="0" timestamp="2023-01-22T16:00:02 CST" time="3.852" errors="0">
  <testcase name="validateFrontendTestingURL" time="3.852" classname="scripts.TechGlobalFrontendTestingHomeTest"/>
  <system-out/>
</testsuite> <!-- scripts.TechGlobalFrontendTestingHomeTest -->
