<?xml version="1.0" encoding="UTF-8"?>
<!-- Generated by org.testng.reporters.JUnitReportReporter -->
<testsuite skipped="0" hostname="Andrews-MacBook-Pro.local" name="scripts.TechGlobalCalendarTest" tests="1" failures="0" timestamp="2023-01-29T17:25:08 CST" time="4.388" errors="0">
  <testcase name="validateDatePicker" time="4.388" classname="scripts.TechGlobalCalendarTest"/>
  <system-out/>
</testsuite> <!-- scripts.TechGlobalCalendarTest -->
