<?xml version="1.0" encoding="UTF-8"?>
<!-- Generated by org.testng.reporters.JUnitReportReporter -->
<testsuite skipped="0" hostname="Andrews-MBP.local.tld" name="scripts.TechGlobalRadioButtonsTest" tests="3" failures="0" timestamp="2023-03-06T16:42:28 CST" time="13.543" errors="0">
  <testcase name="javaRadioButtonValidation" time="4.464" classname="scripts.TechGlobalRadioButtonsTest"/>
  <system-out/>
  <testcase name="languageRadioButtons1" time="4.359" classname="scripts.TechGlobalRadioButtonsTest"/>
  <system-out/>
  <testcase name="languageRadioButtons2" time="4.720" classname="scripts.TechGlobalRadioButtonsTest"/>
  <system-out/>
</testsuite> <!-- scripts.TechGlobalRadioButtonsTest -->
