<?xml version="1.0" encoding="UTF-8"?>
<!-- Generated by org.testng.reporters.JUnitReportReporter -->
<testsuite skipped="0" hostname="Andrews-MBP.local.tld" name="scripts.TechGlobalSortableTablesTest" tests="4" failures="0" timestamp="2023-01-31T16:12:14 CST" time="17.063" errors="0">
  <testcase name="validateSortAcsByQuantity" time="4.247" classname="scripts.TechGlobalSortableTablesTest"/>
  <system-out/>
  <testcase name="validateSortDescByQuantity" time="4.122" classname="scripts.TechGlobalSortableTablesTest"/>
  <system-out/>
  <testcase name="validateSortAscByPrice" time="4.303" classname="scripts.TechGlobalSortableTablesTest"/>
  <system-out/>
  <testcase name="validateSortDescByPrice" time="4.391" classname="scripts.TechGlobalSortableTablesTest"/>
  <system-out/>
</testsuite> <!-- scripts.TechGlobalSortableTablesTest -->
