<?xml version="1.0" encoding="UTF-8"?>
<!-- Generated by org.testng.reporters.JUnitReportReporter -->
<testsuite skipped="0" hostname="Andrews-MBP.local.tld" name="scripts.TechGlobalHeaderTest" tests="2" failures="0" timestamp="2023-01-15T15:58:08 CST" time="5.789" errors="0">
  <testcase name="validateTechGlobalHeaderDropdownOptions" time="2.972" classname="scripts.TechGlobalHeaderTest"/>
  <system-out/>
  <testcase name="validateTechGlobalHeaderDropdown" time="2.817" classname="scripts.TechGlobalHeaderTest"/>
  <system-out/>
</testsuite> <!-- scripts.TechGlobalHeaderTest -->
