<?xml version="1.0" encoding="UTF-8"?>
<!-- Generated by org.testng.reporters.JUnitReportReporter -->
<testsuite skipped="0" hostname="Andrews-MacBook-Pro.local" name="scripts.TechGlobalHeaderTest" tests="2" failures="0" timestamp="2023-01-15T21:18:05 CST" time="6.612" errors="0">
  <testcase name="validateTechGlobalHeaderDropdownOptions" time="3.340" classname="scripts.TechGlobalHeaderTest"/>
  <system-out/>
  <testcase name="validateTechGlobalHeaderDropdown" time="3.272" classname="scripts.TechGlobalHeaderTest"/>
  <system-out/>
</testsuite> <!-- scripts.TechGlobalHeaderTest -->
