<?xml version="1.0" encoding="UTF-8"?>
<!-- Generated by org.testng.reporters.JUnitReportReporter -->
<testsuite skipped="0" hostname="Andrews-MacBook-Pro.local" name="scripts.TechGlobalDropdownsTest" tests="4" failures="0" timestamp="2023-01-29T17:25:08 CST" time="15.579" errors="0">
  <testcase name="selectDeliveryOption" time="3.792" classname="scripts.TechGlobalDropdownsTest"/>
  <system-out/>
  <testcase name="selectProductOption" time="3.931" classname="scripts.TechGlobalDropdownsTest"/>
  <system-out/>
  <testcase name="selectColorOption" time="3.714" classname="scripts.TechGlobalDropdownsTest"/>
  <system-out/>
  <testcase name="selectMacBookOption" time="4.142" classname="scripts.TechGlobalDropdownsTest"/>
  <system-out/>
</testsuite> <!-- scripts.TechGlobalDropdownsTest -->
