<?xml version="1.0" encoding="UTF-8"?>
<!-- Generated by org.testng.reporters.JUnitReportReporter -->
<testsuite skipped="0" hostname="Andrews-MBP.local.tld" name="scripts.TechGlobalStaticTablesTest" tests="3" failures="0" timestamp="2023-01-28T15:44:28 CST" time="12.959" errors="0">
  <testcase name="validateStaticTablesHeader" time="4.221" classname="scripts.TechGlobalStaticTablesTest"/>
  <system-out/>
  <testcase name="validateStaticTablesRow1" time="4.330" classname="scripts.TechGlobalStaticTablesTest"/>
  <system-out/>
  <testcase name="validateStaticTableColumn4" time="4.408" classname="scripts.TechGlobalStaticTablesTest"/>
  <system-out/>
</testsuite> <!-- scripts.TechGlobalStaticTablesTest -->
