<?xml version="1.0" encoding="UTF-8"?>
<!-- Generated by org.testng.reporters.JUnitReportReporter -->
<testsuite skipped="0" hostname="Andrews-MBP.local.tld" name="scripts.TechGlobalFooterTest" tests="2" failures="0" timestamp="2023-03-06T16:42:28 CST" time="7.212" errors="0">
  <testcase name="validateSocialLinksFooter" time="3.553" classname="scripts.TechGlobalFooterTest"/>
  <system-out/>
  <testcase name="validateCorrectTextDisplayFooter" time="3.659" classname="scripts.TechGlobalFooterTest"/>
  <system-out/>
</testsuite> <!-- scripts.TechGlobalFooterTest -->
