<?xml version="1.0" encoding="UTF-8"?>
<!-- Generated by org.testng.reporters.JUnitReportReporter -->
<testsuite skipped="0" hostname="Andrews-MacBook-Pro.local" name="scripts.TechGlobalDynamicElementsTest" tests="1" failures="0" timestamp="2023-01-29T17:25:08 CST" time="4.752" errors="0">
  <testcase name="dynamicElementsTest" time="4.752" classname="scripts.TechGlobalDynamicElementsTest"/>
  <system-out/>
</testsuite> <!-- scripts.TechGlobalDynamicElementsTest -->
