<?xml version="1.0" encoding="UTF-8"?>
<!-- Generated by org.testng.reporters.JUnitReportReporter -->
<testsuite skipped="0" hostname="Andrews-MBP.local.tld" name="scripts.TechGlobalAlertsTest" tests="3" failures="0" timestamp="2023-03-13T18:23:59 CDT" time="14.607" errors="0">
  <testcase name="warningAlertValidation" time="4.568" classname="scripts.TechGlobalAlertsTest"/>
  <system-out/>
  <testcase name="confirmationAlertValidation" time="5.050" classname="scripts.TechGlobalAlertsTest"/>
  <system-out/>
  <testcase name="promptAlertValidation" time="4.989" classname="scripts.TechGlobalAlertsTest"/>
  <system-out/>
</testsuite> <!-- scripts.TechGlobalAlertsTest -->
