<?xml version="1.0" encoding="UTF-8"?>
<!-- Generated by org.testng.reporters.JUnitReportReporter -->
<testsuite skipped="0" hostname="Andrews-MBP.local.tld" name="scripts.TechGlobalFooterTest" tests="2" failures="0" timestamp="2023-01-28T11:47:20 CST" time="6.992" errors="0">
  <testcase name="validateCorrectTextDisplayFooter" time="3.408" classname="scripts.TechGlobalFooterTest"/>
  <system-out/>
  <testcase name="validateSocialLinksFooter" time="3.584" classname="scripts.TechGlobalFooterTest"/>
  <system-out/>
</testsuite> <!-- scripts.TechGlobalFooterTest -->
