<?xml version="1.0" encoding="UTF-8"?>
<!-- Generated by org.testng.reporters.JUnitReportReporter -->
<testsuite skipped="0" hostname="Andrews-MacBook-Pro.local" name="scripts.TechGlobalFooterTest" tests="2" failures="0" timestamp="2023-01-15T21:18:05 CST" time="6.443" errors="0">
  <testcase name="validateCorrectTextDisplayFooter" time="3.063" classname="scripts.TechGlobalFooterTest"/>
  <system-out/>
  <testcase name="validateSocialLinksFooter" time="3.380" classname="scripts.TechGlobalFooterTest"/>
  <system-out/>
</testsuite> <!-- scripts.TechGlobalFooterTest -->
