<?xml version="1.0" encoding="UTF-8"?>
<!-- Generated by org.testng.reporters.JUnitReportReporter -->
<testsuite skipped="0" hostname="Andrews-MBP.local.tld" name="scripts.TechGlobalWaitsTest" tests="1" failures="0" timestamp="2023-01-22T16:00:02 CST" time="39.242" errors="0">
  <testcase name="validateRedBox" time="39.242" classname="scripts.TechGlobalWaitsTest"/>
  <system-out/>
</testsuite> <!-- scripts.TechGlobalWaitsTest -->
