<?xml version="1.0" encoding="UTF-8"?>
<!-- Generated by org.testng.reporters.JUnitReportReporter -->
<testsuite skipped="0" hostname="Andrews-MBP.local.tld" name="scripts.TechGlobalJavaExercisesHomeTest" tests="1" failures="0" timestamp="2023-03-13T18:23:59 CDT" time="5.432" errors="0">
  <testcase name="validateJavaExercisesCards" time="5.432" classname="scripts.TechGlobalJavaExercisesHomeTest"/>
  <system-out/>
</testsuite> <!-- scripts.TechGlobalJavaExercisesHomeTest -->
