<?xml version="1.0" encoding="UTF-8"?>
<!-- Generated by org.testng.reporters.JUnitReportReporter -->
<testsuite skipped="0" hostname="Andrews-MBP.local.tld" name="scripts.TechGlobalDynamicElementsTest" tests="1" failures="0" timestamp="2023-01-21T11:43:23 CST" time="9.572" errors="0">
  <testcase name="dynamicElementsTest" time="9.572" classname="scripts.TechGlobalDynamicElementsTest"/>
  <system-out/>
</testsuite> <!-- scripts.TechGlobalDynamicElementsTest -->
