<?xml version="1.0" encoding="UTF-8"?>
<!-- Generated by org.testng.reporters.JUnitReportReporter -->
<testsuite skipped="0" hostname="Andrews-MBP.local.tld" name="scripts.TechGlobalWaitsTest" tests="1" failures="0" timestamp="2023-01-21T13:44:40 CST" time="43.383" errors="0">
  <testcase name="validateRedBox" time="43.383" classname="scripts.TechGlobalWaitsTest"/>
  <system-out/>
</testsuite> <!-- scripts.TechGlobalWaitsTest -->
