<?xml version="1.0" encoding="UTF-8"?>
<!-- Generated by org.testng.reporters.JUnitReportReporter -->
<testsuite skipped="0" hostname="Andrews-MBP.local.tld" name="scripts.TechGlobalFileDownloadTest" tests="1" failures="0" timestamp="2023-03-13T18:23:59 CDT" time="4.643" errors="0">
  <testcase name="validateFileDownload" time="4.643" classname="scripts.TechGlobalFileDownloadTest"/>
  <system-out/>
</testsuite> <!-- scripts.TechGlobalFileDownloadTest -->
