<?xml version="1.0" encoding="UTF-8"?>
<!-- Generated by org.testng.reporters.JUnitReportReporter -->
<testsuite skipped="0" hostname="Andrews-MBP.local.tld" name="scripts.TechGlobalAlertsTest" tests="2" failures="0" timestamp="2023-01-23T19:41:02 CST" time="14.428" errors="0">
  <testcase name="warningAlert" time="6.543" classname="scripts.TechGlobalAlertsTest"/>
  <system-out/>
  <testcase name="confirmationAlert" time="7.885" classname="scripts.TechGlobalAlertsTest"/>
  <system-out/>
</testsuite> <!-- scripts.TechGlobalAlertsTest -->
