<?xml version="1.0" encoding="UTF-8"?>
<!-- Generated by org.testng.reporters.JUnitReportReporter -->
<testsuite skipped="0" hostname="Andrews-MacBook-Pro.local" name="scripts.TechGlobalHeaderTest" tests="1" failures="0" timestamp="2023-01-29T17:25:08 CST" time="3.226" errors="0">
  <testcase name="validateTechGlobalHeaderDropdownOptions" time="3.226" classname="scripts.TechGlobalHeaderTest"/>
  <system-out/>
</testsuite> <!-- scripts.TechGlobalHeaderTest -->
