<?xml version="1.0" encoding="UTF-8"?>
<!-- Generated by org.testng.reporters.JUnitReportReporter -->
<testsuite skipped="0" hostname="Andrews-MBP.local.tld" name="scripts.TechGlobalDynamicTablesTest" tests="2" failures="0" timestamp="2023-01-31T16:12:14 CST" time="8.731" errors="0">
  <testcase name="popupValidation" time="4.252" classname="scripts.TechGlobalDynamicTablesTest"/>
  <system-out/>
  <testcase name="validateDynamicTable" time="4.479" classname="scripts.TechGlobalDynamicTablesTest"/>
  <system-out/>
</testsuite> <!-- scripts.TechGlobalDynamicTablesTest -->
