<?xml version="1.0" encoding="UTF-8"?>
<!-- Generated by org.testng.reporters.JUnitReportReporter -->
<testsuite skipped="0" hostname="Andrews-MBP.local.tld" name="scripts.TechGlobalCalendarTest" tests="1" failures="0" timestamp="2023-03-13T18:23:59 CDT" time="5.200" errors="0">
  <testcase name="validateDatePicker" time="5.200" classname="scripts.TechGlobalCalendarTest"/>
  <system-out/>
</testsuite> <!-- scripts.TechGlobalCalendarTest -->
