<?xml version="1.0" encoding="UTF-8"?>
<!-- Generated by org.testng.reporters.JUnitReportReporter -->
<testsuite skipped="0" hostname="Andrews-MBP.local.tld" name="scripts.TechGlobalDropdownsTest" tests="4" failures="0" timestamp="2023-03-13T18:23:59 CDT" time="27.587" errors="0">
  <testcase name="selectDeliveryOption" time="4.983" classname="scripts.TechGlobalDropdownsTest"/>
  <system-out/>
  <testcase name="selectProductOption" time="4.726" classname="scripts.TechGlobalDropdownsTest"/>
  <system-out/>
  <testcase name="selectColorOption" time="12.689" classname="scripts.TechGlobalDropdownsTest"/>
  <system-out/>
  <testcase name="selectMacBookOption" time="5.189" classname="scripts.TechGlobalDropdownsTest"/>
  <system-out/>
</testsuite> <!-- scripts.TechGlobalDropdownsTest -->
