<?xml version="1.0" encoding="UTF-8"?>
<!-- Generated by org.testng.reporters.JUnitReportReporter -->
<testsuite skipped="0" hostname="Andrews-MBP.local.tld" name="scripts.TechGlobalWaitsTest" tests="2" failures="0" timestamp="2023-01-28T11:47:20 CST" time="53.989" errors="0">
  <testcase name="validateBlueBox" time="39.447" classname="scripts.TechGlobalWaitsTest"/>
  <system-out/>
  <testcase name="validateRedBox" time="14.542" classname="scripts.TechGlobalWaitsTest"/>
  <system-out/>
</testsuite> <!-- scripts.TechGlobalWaitsTest -->
