<?xml version="1.0" encoding="UTF-8"?>
<!-- Generated by org.testng.reporters.JUnitReportReporter -->
<testsuite skipped="1" hostname="Andrews-MacBook-Pro.local" name="scripts.TechGlobalWaitsTest" tests="2" failures="0" timestamp="2023-01-29T17:25:08 CST" time="13.730" errors="0">
  <testcase name="validateRedBox" time="13.730" classname="scripts.TechGlobalWaitsTest"/>
  <system-out/>
  <testcase name="validateBlueBox" classname="scripts.TechGlobalWaitsTest">
    <skipped/>
  </testcase> <!-- validateBlueBox -->
  <system-out/>
</testsuite> <!-- scripts.TechGlobalWaitsTest -->
