<?xml version="1.0" encoding="UTF-8"?>
<!-- Generated by org.testng.reporters.JUnitReportReporter -->
<testsuite skipped="0" hostname="Andrews-MBP.local.tld" name="scripts.TechGlobalDropdownsTest" tests="4" failures="0" timestamp="2023-03-06T16:28:02 CST" time="28.524" errors="0">
  <testcase name="selectDeliveryOption" time="12.349" classname="scripts.TechGlobalDropdownsTest"/>
  <system-out/>
  <testcase name="selectProductOption" time="4.864" classname="scripts.TechGlobalDropdownsTest"/>
  <system-out/>
  <testcase name="selectColorOption" time="5.294" classname="scripts.TechGlobalDropdownsTest"/>
  <system-out/>
  <testcase name="selectMacBookOption" time="6.017" classname="scripts.TechGlobalDropdownsTest"/>
  <system-out/>
</testsuite> <!-- scripts.TechGlobalDropdownsTest -->
