<?xml version="1.0" encoding="UTF-8"?>
<!-- Generated by org.testng.reporters.JUnitReportReporter -->
<testsuite skipped="0" hostname="Andrews-MBP.local.tld" name="scripts.TechGlobalFileUploadTest" tests="1" failures="0" timestamp="2023-03-13T18:23:59 CDT" time="4.833" errors="0">
  <testcase name="validateFileUpload" time="4.833" classname="scripts.TechGlobalFileUploadTest"/>
  <system-out/>
</testsuite> <!-- scripts.TechGlobalFileUploadTest -->
