<?xml version="1.0" encoding="UTF-8"?>
<!-- Generated by org.testng.reporters.JUnitReportReporter -->
<testsuite skipped="0" hostname="Andrews-MBP.local.tld" name="scripts.TechGlobalActionsTest" tests="4" failures="0" timestamp="2023-03-13T18:23:59 CDT" time="22.608" errors="0">
  <testcase name="clickActions" time="5.194" classname="scripts.TechGlobalActionsTest"/>
  <system-out/>
  <testcase name="validateDragAndDropAction" time="6.513" classname="scripts.TechGlobalActionsTest"/>
  <system-out/>
  <testcase name="keyboardActions" time="5.587" classname="scripts.TechGlobalActionsTest"/>
  <system-out/>
  <testcase name="validateKeyboardInput" time="5.314" classname="scripts.TechGlobalActionsTest"/>
  <system-out/>
</testsuite> <!-- scripts.TechGlobalActionsTest -->
