<?xml version="1.0" encoding="UTF-8"?>
<!-- Generated by org.testng.reporters.JUnitReportReporter -->
<testsuite skipped="0" hostname="Andrews-MBP.local.tld" name="scripts.TechGlobalAlertsTest" tests="3" failures="0" timestamp="2023-01-31T16:12:14 CST" time="13.116" errors="0">
  <testcase name="warningAlertValidation" time="4.261" classname="scripts.TechGlobalAlertsTest"/>
  <system-out/>
  <testcase name="confirmationAlertValidation" time="4.438" classname="scripts.TechGlobalAlertsTest"/>
  <system-out/>
  <testcase name="promptAlertValidation" time="4.417" classname="scripts.TechGlobalAlertsTest"/>
  <system-out/>
</testsuite> <!-- scripts.TechGlobalAlertsTest -->
