<?xml version="1.0" encoding="UTF-8"?>
<!-- Generated by org.testng.reporters.JUnitReportReporter -->
<testsuite skipped="0" hostname="Andrews-MBP.local.tld" name="scripts.TechGlobalJavaExercisesHomeTest" tests="1" failures="0" timestamp="2023-01-23T19:41:02 CST" time="6.463" errors="0">
  <testcase name="validateJavaExercisesCards" time="6.463" classname="scripts.TechGlobalJavaExercisesHomeTest"/>
  <system-out/>
</testsuite> <!-- scripts.TechGlobalJavaExercisesHomeTest -->
