<?xml version="1.0" encoding="UTF-8"?>
<!-- Generated by org.testng.reporters.JUnitReportReporter -->
<testsuite skipped="0" hostname="Andrews-MBP.local.tld" name="scripts.TechGlobalFooterTest" tests="2" failures="0" timestamp="2023-03-06T16:28:02 CST" time="7.787" errors="0">
  <testcase name="validateSocialLinksFooter" time="4.003" classname="scripts.TechGlobalFooterTest"/>
  <system-out/>
  <testcase name="validateCorrectTextDisplayFooter" time="3.784" classname="scripts.TechGlobalFooterTest"/>
  <system-out/>
</testsuite> <!-- scripts.TechGlobalFooterTest -->
