<?xml version="1.0" encoding="UTF-8"?>
<!-- Generated by org.testng.reporters.JUnitReportReporter -->
<testsuite skipped="0" hostname="Andrews-MBP" name="scripts.TechGlobalJavaExercisesHomeTest" tests="1" failures="0" timestamp="2023-01-16T11:22:33 CST" time="4.305" errors="0">
  <testcase name="validateJavaExercisesCards" time="4.305" classname="scripts.TechGlobalJavaExercisesHomeTest"/>
  <system-out/>
</testsuite> <!-- scripts.TechGlobalJavaExercisesHomeTest -->
