<?xml version="1.0" encoding="UTF-8"?>
<!-- Generated by org.testng.reporters.JUnitReportReporter -->
<testsuite skipped="0" hostname="Andrews-MBP.local.tld" name="scripts.TechGlobalLogoTest" tests="1" failures="0" timestamp="2023-03-06T16:42:28 CST" time="3.657" errors="0">
  <testcase name="validateTechGlobalLogo" time="3.657" classname="scripts.TechGlobalLogoTest"/>
  <system-out/>
</testsuite> <!-- scripts.TechGlobalLogoTest -->
