<?xml version="1.0" encoding="UTF-8"?>
<!-- Generated by org.testng.reporters.JUnitReportReporter -->
<testsuite skipped="0" hostname="Andrews-MBP" name="scripts.TechGlobalHeaderTest" tests="2" failures="0" timestamp="2023-01-16T11:22:33 CST" time="6.374" errors="0">
  <testcase name="validateTechGlobalHeaderDropdownOptions" time="3.437" classname="scripts.TechGlobalHeaderTest"/>
  <system-out/>
  <testcase name="validateTechGlobalHeaderDropdown" time="2.937" classname="scripts.TechGlobalHeaderTest"/>
  <system-out/>
</testsuite> <!-- scripts.TechGlobalHeaderTest -->
