<?xml version="1.0" encoding="UTF-8"?>
<!-- Generated by org.testng.reporters.JUnitReportReporter -->
<testsuite skipped="0" hostname="Andrews-MBP.local.tld" name="scripts.TechGlobalStaticTablesTest" tests="4" failures="0" timestamp="2023-03-06T16:42:28 CST" time="19.266" errors="0">
  <testcase name="validateStaticTablesHeader" time="5.670" classname="scripts.TechGlobalStaticTablesTest"/>
  <system-out/>
  <testcase name="validateStaticTablesRow1" time="4.552" classname="scripts.TechGlobalStaticTablesTest"/>
  <system-out/>
  <testcase name="validateStaticTableColumn4" time="4.374" classname="scripts.TechGlobalStaticTablesTest"/>
  <system-out/>
  <testcase name="validateAllCells" time="4.670" classname="scripts.TechGlobalStaticTablesTest"/>
  <system-out/>
</testsuite> <!-- scripts.TechGlobalStaticTablesTest -->
