<?xml version="1.0" encoding="UTF-8"?>
<!-- Generated by org.testng.reporters.JUnitReportReporter -->
<testsuite skipped="0" hostname="Andrews-MBP.local.tld" name="scripts.TechGlobalAlertsTest" tests="3" failures="0" timestamp="2023-03-06T16:42:28 CST" time="13.754" errors="0">
  <testcase name="warningAlertValidation" time="4.406" classname="scripts.TechGlobalAlertsTest"/>
  <system-out/>
  <testcase name="confirmationAlertValidation" time="4.556" classname="scripts.TechGlobalAlertsTest"/>
  <system-out/>
  <testcase name="promptAlertValidation" time="4.792" classname="scripts.TechGlobalAlertsTest"/>
  <system-out/>
</testsuite> <!-- scripts.TechGlobalAlertsTest -->
