<?xml version="1.0" encoding="UTF-8"?>
<!-- Generated by org.testng.reporters.JUnitReportReporter -->
<testsuite skipped="0" hostname="Andrews-MacBook-Pro.local" name="scripts.TechGlobalFooterTest" tests="2" failures="0" timestamp="2023-01-29T17:25:08 CST" time="6.069" errors="0">
  <testcase name="validateSocialLinksFooter" time="3.014" classname="scripts.TechGlobalFooterTest"/>
  <system-out/>
  <testcase name="validateCorrectTextDisplayFooter" time="3.055" classname="scripts.TechGlobalFooterTest"/>
  <system-out/>
</testsuite> <!-- scripts.TechGlobalFooterTest -->
