<?xml version="1.0" encoding="UTF-8"?>
<!-- Generated by org.testng.reporters.JUnitReportReporter -->
<testsuite skipped="0" hostname="Andrews-MBP.local.tld" name="scripts.TechGlobalFooterTest" tests="2" failures="0" timestamp="2023-03-13T18:23:59 CDT" time="7.667" errors="0">
  <testcase name="validateSocialLinksFooter" time="3.892" classname="scripts.TechGlobalFooterTest"/>
  <system-out/>
  <testcase name="validateCorrectTextDisplayFooter" time="3.775" classname="scripts.TechGlobalFooterTest"/>
  <system-out/>
</testsuite> <!-- scripts.TechGlobalFooterTest -->
