<?xml version="1.0" encoding="UTF-8"?>
<!-- Generated by org.testng.reporters.JUnitReportReporter -->
<testsuite skipped="0" hostname="Andrews-MBP.local.tld" name="scripts.TechGlobalDropdownsTest" tests="4" failures="0" timestamp="2023-01-28T15:44:28 CST" time="17.738" errors="0">
  <testcase name="selectDeliveryOption" time="4.612" classname="scripts.TechGlobalDropdownsTest"/>
  <system-out/>
  <testcase name="selectProductOption" time="4.100" classname="scripts.TechGlobalDropdownsTest"/>
  <system-out/>
  <testcase name="selectColorOption" time="4.304" classname="scripts.TechGlobalDropdownsTest"/>
  <system-out/>
  <testcase name="selectMacBookOption" time="4.722" classname="scripts.TechGlobalDropdownsTest"/>
  <system-out/>
</testsuite> <!-- scripts.TechGlobalDropdownsTest -->
