<?xml version="1.0" encoding="UTF-8"?>
<!-- Generated by org.testng.reporters.JUnitReportReporter -->
<testsuite skipped="0" hostname="Andrews-MBP.local.tld" name="scripts.TechGlobalFileDownloadTest" tests="1" failures="0" timestamp="2023-03-06T16:28:02 CST" time="4.895" errors="0">
  <testcase name="validateFileDownload" time="4.895" classname="scripts.TechGlobalFileDownloadTest"/>
  <system-out/>
</testsuite> <!-- scripts.TechGlobalFileDownloadTest -->
