<?xml version="1.0" encoding="UTF-8"?>
<!-- Generated by org.testng.reporters.JUnitReportReporter -->
<testsuite skipped="0" hostname="Andrews-MBP" name="scripts.TechGlobalFooterTest" tests="2" failures="0" timestamp="2023-01-16T11:22:33 CST" time="6.204" errors="0">
  <testcase name="validateCorrectTextDisplayFooter" time="3.020" classname="scripts.TechGlobalFooterTest"/>
  <system-out/>
  <testcase name="validateSocialLinksFooter" time="3.184" classname="scripts.TechGlobalFooterTest"/>
  <system-out/>
</testsuite> <!-- scripts.TechGlobalFooterTest -->
