<?xml version="1.0" encoding="UTF-8"?>
<!-- Generated by org.testng.reporters.JUnitReportReporter -->
<testsuite skipped="0" hostname="Andrews-MBP.local.tld" name="scripts.TechGlobalActionsTest" tests="4" failures="0" timestamp="2023-03-06T16:28:02 CST" time="22.054" errors="0">
  <testcase name="clickActions" time="5.904" classname="scripts.TechGlobalActionsTest"/>
  <system-out/>
  <testcase name="validateDragAndDropAction" time="6.071" classname="scripts.TechGlobalActionsTest"/>
  <system-out/>
  <testcase name="keyboardActions" time="4.997" classname="scripts.TechGlobalActionsTest"/>
  <system-out/>
  <testcase name="validateKeyboardInput" time="5.082" classname="scripts.TechGlobalActionsTest"/>
  <system-out/>
</testsuite> <!-- scripts.TechGlobalActionsTest -->
