<?xml version="1.0" encoding="UTF-8"?>
<!-- Generated by org.testng.reporters.JUnitReportReporter -->
<testsuite skipped="0" hostname="Andrews-MBP.local.tld" name="scripts.TechGlobalRadioButtonsTest" tests="3" failures="0" timestamp="2023-01-23T19:41:03 CST" time="17.428" errors="0">
  <testcase name="javaRadioButtonValidation" time="5.886" classname="scripts.TechGlobalRadioButtonsTest"/>
  <system-out/>
  <testcase name="languageRadioButtons1" time="5.614" classname="scripts.TechGlobalRadioButtonsTest"/>
  <system-out/>
  <testcase name="languageRadioButtons2" time="5.928" classname="scripts.TechGlobalRadioButtonsTest"/>
  <system-out/>
</testsuite> <!-- scripts.TechGlobalRadioButtonsTest -->
