<?xml version="1.0" encoding="UTF-8"?>
<!-- Generated by org.testng.reporters.JUnitReportReporter -->
<testsuite skipped="0" hostname="Andrews-MBP.local.tld" name="scripts.TechGlobalIFramesTest" tests="2" failures="0" timestamp="2023-01-28T15:44:28 CST" time="9.198" errors="0">
  <testcase name="validateInputText" time="4.340" classname="scripts.TechGlobalIFramesTest"/>
  <system-out/>
  <testcase name="validateResultDisplay" time="4.858" classname="scripts.TechGlobalIFramesTest"/>
  <system-out/>
</testsuite> <!-- scripts.TechGlobalIFramesTest -->
