<?xml version="1.0" encoding="UTF-8"?>
<!-- Generated by org.testng.reporters.JUnitReportReporter -->
<testsuite skipped="0" hostname="Andrews-MBP.local.tld" name="scripts.TechGlobalWaitsTest" tests="2" failures="0" timestamp="2023-01-23T19:41:03 CST" time="54.133" errors="0">
  <testcase name="validateRedBox" time="14.467" classname="scripts.TechGlobalWaitsTest"/>
  <system-out/>
  <testcase name="validateBlueBox" time="39.666" classname="scripts.TechGlobalWaitsTest"/>
  <system-out/>
</testsuite> <!-- scripts.TechGlobalWaitsTest -->
