<?xml version="1.0" encoding="UTF-8"?>
<!-- Generated by org.testng.reporters.JUnitReportReporter -->
<testsuite skipped="0" hostname="Andrews-MBP.local.tld" name="scripts.TechGlobalCheckBoxTest" tests="2" failures="0" timestamp="2023-01-21T11:43:23 CST" time="16.409" errors="0">
  <testcase name="ValidateCheckboxes2" time="8.242" classname="scripts.TechGlobalCheckBoxTest"/>
  <system-out/>
  <testcase name="ValidateCheckboxes1" time="8.167" classname="scripts.TechGlobalCheckBoxTest"/>
  <system-out/>
</testsuite> <!-- scripts.TechGlobalCheckBoxTest -->
