<?xml version="1.0" encoding="UTF-8"?>
<!-- Generated by org.testng.reporters.JUnitReportReporter -->
<testsuite skipped="0" hostname="Andrews-MacBook-Pro.local" name="scripts.TechGlobalIFramesTest" tests="2" failures="0" timestamp="2023-01-29T17:25:08 CST" time="7.974" errors="0">
  <testcase name="validateInputText" time="3.834" classname="scripts.TechGlobalIFramesTest"/>
  <system-out/>
  <testcase name="validateResultDisplay" time="4.140" classname="scripts.TechGlobalIFramesTest"/>
  <system-out/>
</testsuite> <!-- scripts.TechGlobalIFramesTest -->
