<?xml version="1.0" encoding="UTF-8"?>
<!-- Generated by org.testng.reporters.JUnitReportReporter -->
<testsuite skipped="0" hostname="Andrews-MBP.local.tld" name="scripts.TechGlobalCalendarTest" tests="1" failures="0" timestamp="2023-03-06T16:28:02 CST" time="5.430" errors="0">
  <testcase name="validateDatePicker" time="5.430" classname="scripts.TechGlobalCalendarTest"/>
  <system-out/>
</testsuite> <!-- scripts.TechGlobalCalendarTest -->
