<?xml version="1.0" encoding="UTF-8"?>
<!-- Generated by org.testng.reporters.JUnitReportReporter -->
<testsuite skipped="0" hostname="Andrews-MBP.local.tld" name="scripts.TechGlobalFooterTest" tests="2" failures="0" timestamp="2023-01-23T19:41:03 CST" time="8.343" errors="0">
  <testcase name="validateCorrectTextDisplayFooter" time="4.514" classname="scripts.TechGlobalFooterTest"/>
  <system-out/>
  <testcase name="validateSocialLinksFooter" time="3.829" classname="scripts.TechGlobalFooterTest"/>
  <system-out/>
</testsuite> <!-- scripts.TechGlobalFooterTest -->
