<?xml version="1.0" encoding="UTF-8"?>
<!-- Generated by org.testng.reporters.JUnitReportReporter -->
<testsuite skipped="0" hostname="Andrews-MBP.local.tld" name="scripts.TechGlobalIFramesTest" tests="2" failures="0" timestamp="2023-01-28T11:47:20 CST" time="8.702" errors="0">
  <testcase name="validateInputText" time="4.291" classname="scripts.TechGlobalIFramesTest"/>
  <system-out/>
  <testcase name="validateResultDisplay" time="4.411" classname="scripts.TechGlobalIFramesTest"/>
  <system-out/>
</testsuite> <!-- scripts.TechGlobalIFramesTest -->
