<?xml version="1.0" encoding="UTF-8"?>
<!-- Generated by org.testng.reporters.JUnitReportReporter -->
<testsuite skipped="0" hostname="Andrews-MBP.local.tld" name="scripts.TechGlobalLogoTest" tests="1" failures="0" timestamp="2023-01-17T20:41:35 CST" time="3.296" errors="0">
  <testcase name="validateTechGlobalLogo" time="3.296" classname="scripts.TechGlobalLogoTest"/>
  <system-out/>
</testsuite> <!-- scripts.TechGlobalLogoTest -->
