<?xml version="1.0" encoding="UTF-8"?>
<!-- Generated by org.testng.reporters.JUnitReportReporter -->
<testsuite skipped="0" hostname="Andrews-MacBook-Pro.local" name="scripts.TechGlobalJavaExercisesHomeTest" tests="1" failures="0" timestamp="2023-01-15T21:18:05 CST" time="4.147" errors="0">
  <testcase name="validateJavaExercisesCards" time="4.147" classname="scripts.TechGlobalJavaExercisesHomeTest"/>
  <system-out/>
</testsuite> <!-- scripts.TechGlobalJavaExercisesHomeTest -->
