<?xml version="1.0" encoding="UTF-8"?>
<!-- Generated by org.testng.reporters.JUnitReportReporter -->
<testsuite skipped="0" hostname="Andrews-MBP.local.tld" name="scripts.TechGlobalDropdownsTest" tests="4" failures="0" timestamp="2023-03-06T16:42:28 CST" time="23.244" errors="0">
  <testcase name="selectDeliveryOption" time="5.508" classname="scripts.TechGlobalDropdownsTest"/>
  <system-out/>
  <testcase name="selectProductOption" time="4.597" classname="scripts.TechGlobalDropdownsTest"/>
  <system-out/>
  <testcase name="selectColorOption" time="8.148" classname="scripts.TechGlobalDropdownsTest"/>
  <system-out/>
  <testcase name="selectMacBookOption" time="4.991" classname="scripts.TechGlobalDropdownsTest"/>
  <system-out/>
</testsuite> <!-- scripts.TechGlobalDropdownsTest -->
