<?xml version="1.0" encoding="UTF-8"?>
<!-- Generated by org.testng.reporters.JUnitReportReporter -->
<testsuite skipped="0" hostname="Andrews-MBP.local.tld" name="scripts.TechGlobalRadioButtonsTest" tests="3" failures="0" timestamp="2023-01-22T11:15:00 CST" time="13.794" errors="0">
  <testcase name="javaRadioButtonValidation" time="4.519" classname="scripts.TechGlobalRadioButtonsTest"/>
  <system-out/>
  <testcase name="languageRadioButtons1" time="4.556" classname="scripts.TechGlobalRadioButtonsTest"/>
  <system-out/>
  <testcase name="languageRadioButtons2" time="4.719" classname="scripts.TechGlobalRadioButtonsTest"/>
  <system-out/>
</testsuite> <!-- scripts.TechGlobalRadioButtonsTest -->
