<?xml version="1.0" encoding="UTF-8"?>
<!-- Generated by org.testng.reporters.JUnitReportReporter -->
<testsuite skipped="0" hostname="Andrews-MacBook-Pro.local" name="scripts.TechGlobalLogoTest" tests="1" failures="0" timestamp="2023-01-15T20:26:19 CST" time="3.008" errors="0">
  <testcase name="validateTechGlobalLogo" time="3.008" classname="scripts.TechGlobalLogoTest"/>
  <system-out/>
</testsuite> <!-- scripts.TechGlobalLogoTest -->
