<?xml version="1.0" encoding="UTF-8"?>
<!-- Generated by org.testng.reporters.JUnitReportReporter -->
<testsuite skipped="0" hostname="Andrews-MBP.local.tld" name="scripts.TechGlobalCheckBoxTest" tests="2" failures="0" timestamp="2023-01-23T19:41:03 CST" time="10.503" errors="0">
  <testcase name="ValidateCheckboxes2" time="5.744" classname="scripts.TechGlobalCheckBoxTest"/>
  <system-out/>
  <testcase name="ValidateCheckboxes1" time="4.759" classname="scripts.TechGlobalCheckBoxTest"/>
  <system-out/>
</testsuite> <!-- scripts.TechGlobalCheckBoxTest -->
