<?xml version="1.0" encoding="UTF-8"?>
<!-- Generated by org.testng.reporters.JUnitReportReporter -->
<testsuite skipped="0" hostname="Andrews-MBP.local.tld" name="scripts.TechGlobalStaticTablesTest" tests="4" failures="0" timestamp="2023-01-31T16:12:14 CST" time="17.035" errors="0">
  <testcase name="validateStaticTablesHeader" time="4.214" classname="scripts.TechGlobalStaticTablesTest"/>
  <system-out/>
  <testcase name="validateStaticTablesRow1" time="4.104" classname="scripts.TechGlobalStaticTablesTest"/>
  <system-out/>
  <testcase name="validateStaticTableColumn4" time="4.410" classname="scripts.TechGlobalStaticTablesTest"/>
  <system-out/>
  <testcase name="validateAllCells" time="4.307" classname="scripts.TechGlobalStaticTablesTest"/>
  <system-out/>
</testsuite> <!-- scripts.TechGlobalStaticTablesTest -->
