<?xml version="1.0" encoding="UTF-8"?>
<!-- Generated by org.testng.reporters.JUnitReportReporter -->
<testsuite skipped="0" hostname="Andrews-MBP.local.tld" name="scripts.TechGlobalMultipleWindowsTest" tests="2" failures="0" timestamp="2023-03-06T16:28:02 CST" time="16.285" errors="0">
  <testcase name="validateTheAppleLink" time="6.548" classname="scripts.TechGlobalMultipleWindowsTest"/>
  <system-out/>
  <testcase name="validateLinkURLs" time="9.737" classname="scripts.TechGlobalMultipleWindowsTest"/>
  <system-out/>
</testsuite> <!-- scripts.TechGlobalMultipleWindowsTest -->
