<?xml version="1.0" encoding="UTF-8"?>
<!-- Generated by org.testng.reporters.JUnitReportReporter -->
<testsuite skipped="0" hostname="Andrews-MBP.local.tld" name="scripts.TechGlobalJavaExercisesHomeTest" tests="1" failures="0" timestamp="2023-01-18T20:52:51 CST" time="4.708" errors="0">
  <testcase name="validateJavaExercisesCards" time="4.708" classname="scripts.TechGlobalJavaExercisesHomeTest"/>
  <system-out/>
</testsuite> <!-- scripts.TechGlobalJavaExercisesHomeTest -->
