<?xml version="1.0" encoding="UTF-8"?>
<!-- Generated by org.testng.reporters.JUnitReportReporter -->
<testsuite skipped="0" hostname="Andrews-MacBook-Pro.local" name="scripts.TechGlobalStaticTablesTest" tests="4" failures="0" timestamp="2023-01-29T17:25:08 CST" time="15.250" errors="0">
  <testcase name="validateStaticTablesHeader" time="3.765" classname="scripts.TechGlobalStaticTablesTest"/>
  <system-out/>
  <testcase name="validateStaticTablesRow1" time="3.703" classname="scripts.TechGlobalStaticTablesTest"/>
  <system-out/>
  <testcase name="validateStaticTableColumn4" time="3.806" classname="scripts.TechGlobalStaticTablesTest"/>
  <system-out/>
  <testcase name="validateAllCells" time="3.976" classname="scripts.TechGlobalStaticTablesTest"/>
  <system-out/>
</testsuite> <!-- scripts.TechGlobalStaticTablesTest -->
