<?xml version="1.0" encoding="UTF-8"?>
<!-- Generated by org.testng.reporters.JUnitReportReporter -->
<testsuite skipped="0" hostname="Andrews-MBP.local.tld" name="scripts.TechGlobalWaitsTest" tests="1" failures="0" timestamp="2023-01-18T19:00:33 CST" time="38.930" errors="0">
  <testcase name="validateRedBox" time="38.930" classname="scripts.TechGlobalWaitsTest"/>
  <system-out/>
</testsuite> <!-- scripts.TechGlobalWaitsTest -->
