<?xml version="1.0" encoding="UTF-8"?>
<!-- Generated by org.testng.reporters.JUnitReportReporter -->
<testsuite skipped="0" hostname="Andrews-MBP.local.tld" name="scripts.TechGlobalSortableTablesTest" tests="4" failures="0" timestamp="2023-03-06T16:42:28 CST" time="18.793" errors="0">
  <testcase name="validateSortAcsByQuantity" time="4.655" classname="scripts.TechGlobalSortableTablesTest"/>
  <system-out/>
  <testcase name="validateSortDescByQuantity" time="4.681" classname="scripts.TechGlobalSortableTablesTest"/>
  <system-out/>
  <testcase name="validateSortAscByPrice" time="4.726" classname="scripts.TechGlobalSortableTablesTest"/>
  <system-out/>
  <testcase name="validateSortDescByPrice" time="4.731" classname="scripts.TechGlobalSortableTablesTest"/>
  <system-out/>
</testsuite> <!-- scripts.TechGlobalSortableTablesTest -->
