<?xml version="1.0" encoding="UTF-8"?>
<!-- Generated by org.testng.reporters.JUnitReportReporter -->
<testsuite skipped="0" hostname="Andrews-MBP.local.tld" name="scripts.TechGlobalFrontendTestingHomeTest" tests="2" failures="0" timestamp="2023-01-21T11:43:23 CST" time="16.079" errors="0">
  <testcase name="validateFrontendTestingCards" time="8.595" classname="scripts.TechGlobalFrontendTestingHomeTest"/>
  <system-out/>
  <testcase name="validateFrontendTestingURL" time="7.484" classname="scripts.TechGlobalFrontendTestingHomeTest"/>
  <system-out/>
</testsuite> <!-- scripts.TechGlobalFrontendTestingHomeTest -->
