<?xml version="1.0" encoding="UTF-8"?>
<!-- Generated by org.testng.reporters.JUnitReportReporter -->
<testsuite skipped="1" hostname="Andrews-MBP.local.tld" name="scripts.TechGlobalWaitsTest" tests="2" failures="0" timestamp="2023-01-28T15:44:28 CST" time="14.350" errors="0">
  <testcase name="validateRedBox" time="14.350" classname="scripts.TechGlobalWaitsTest"/>
  <system-out/>
  <testcase name="validateBlueBox" classname="scripts.TechGlobalWaitsTest">
    <skipped/>
  </testcase> <!-- validateBlueBox -->
  <system-out/>
</testsuite> <!-- scripts.TechGlobalWaitsTest -->
