<?xml version="1.0" encoding="UTF-8"?>
<!-- Generated by org.testng.reporters.JUnitReportReporter -->
<testsuite skipped="0" hostname="Andrews-MacBook-Pro.local" name="scripts.TechGlobalFileUploadTest" tests="1" failures="0" timestamp="2023-01-29T17:25:08 CST" time="3.781" errors="0">
  <testcase name="validateFileUpload" time="3.781" classname="scripts.TechGlobalFileUploadTest"/>
  <system-out/>
</testsuite> <!-- scripts.TechGlobalFileUploadTest -->
