<?xml version="1.0" encoding="UTF-8"?>
<!-- Generated by org.testng.reporters.JUnitReportReporter -->
<testsuite skipped="0" hostname="Andrews-MBP.local.tld" name="scripts.TechGlobalFrontendTestingHomeTest" tests="2" failures="0" timestamp="2023-01-18T19:00:33 CST" time="8.021" errors="0">
  <testcase name="validateFrontendTestingCards" time="4.473" classname="scripts.TechGlobalFrontendTestingHomeTest"/>
  <system-out/>
  <testcase name="validateFrontendTestingURL" time="3.548" classname="scripts.TechGlobalFrontendTestingHomeTest"/>
  <system-out/>
</testsuite> <!-- scripts.TechGlobalFrontendTestingHomeTest -->
